[0.931s] Invoking command in '/home/aakash/bumperbot_ws/src/bumperbot_py_examples': PYTHONPATH=/home/aakash/bumperbot_ws/build/bumperbot_py_examples/prefix_override:/usr/lib/python3/dist-packages/colcon_core/task/python/colcon_distutils_commands:/home/aakash/bumperbot_ws/install/bumperbot_py_examples/lib/python3.10/site-packages:${PYTHONPATH} /usr/bin/python3 -W ignore:setup.py install is deprecated -W ignore:easy_install command is deprecated setup.py egg_info --egg-base ../../build/bumperbot_py_examples build --build-base /home/aakash/bumperbot_ws/build/bumperbot_py_examples/build install --record /home/aakash/bumperbot_ws/build/bumperbot_py_examples/install.log --single-version-externally-managed install_data
[1.098s] /home/aakash/.local/lib/python3.10/site-packages/setuptools/_distutils/dist.py:270: UserWarning: Unknown distribution option: 'tests_require'
[1.098s]   warnings.warn(msg)
[1.201s] running egg_info
[1.214s] writing ../../build/bumperbot_py_examples/bumperbot_py_examples.egg-info/PKG-INFO
[1.214s] writing dependency_links to ../../build/bumperbot_py_examples/bumperbot_py_examples.egg-info/dependency_links.txt
[1.214s] writing entry points to ../../build/bumperbot_py_examples/bumperbot_py_examples.egg-info/entry_points.txt
[1.214s] writing requirements to ../../build/bumperbot_py_examples/bumperbot_py_examples.egg-info/requires.txt
[1.215s] writing top-level names to ../../build/bumperbot_py_examples/bumperbot_py_examples.egg-info/top_level.txt
[1.249s] reading manifest file '../../build/bumperbot_py_examples/bumperbot_py_examples.egg-info/SOURCES.txt'
[1.250s] writing manifest file '../../build/bumperbot_py_examples/bumperbot_py_examples.egg-info/SOURCES.txt'
[1.250s] running build
[1.250s] running build_py
[1.251s] copying bumperbot_py_examples/__init__.py -> /home/aakash/bumperbot_ws/build/bumperbot_py_examples/build/lib/bumperbot_py_examples
[1.251s] copying bumperbot_py_examples/simple_publisher.py -> /home/aakash/bumperbot_ws/build/bumperbot_py_examples/build/lib/bumperbot_py_examples
[1.251s] copying bumperbot_py_examples/simple_subscriber.py -> /home/aakash/bumperbot_ws/build/bumperbot_py_examples/build/lib/bumperbot_py_examples
[1.251s] copying bumperbot_py_examples/simple_parameter.py -> /home/aakash/bumperbot_ws/build/bumperbot_py_examples/build/lib/bumperbot_py_examples
[1.251s] running install
[1.256s] running install_lib
[1.272s] copying /home/aakash/bumperbot_ws/build/bumperbot_py_examples/build/lib/bumperbot_py_examples/simple_subscriber.py -> /home/aakash/bumperbot_ws/install/bumperbot_py_examples/lib/python3.10/site-packages/bumperbot_py_examples
[1.273s] byte-compiling /home/aakash/bumperbot_ws/install/bumperbot_py_examples/lib/python3.10/site-packages/bumperbot_py_examples/simple_subscriber.py to simple_subscriber.cpython-310.pyc
[1.274s] running install_data
[1.274s] copying resource/bumperbot_py_examples -> /home/aakash/bumperbot_ws/install/bumperbot_py_examples/share/ament_index/resource_index/packages
[1.274s] copying package.xml -> /home/aakash/bumperbot_ws/install/bumperbot_py_examples/share/bumperbot_py_examples
[1.275s] running install_egg_info
[1.292s] removing '/home/aakash/bumperbot_ws/install/bumperbot_py_examples/lib/python3.10/site-packages/bumperbot_py_examples-0.0.0-py3.10.egg-info' (and everything under it)
[1.292s] Copying ../../build/bumperbot_py_examples/bumperbot_py_examples.egg-info to /home/aakash/bumperbot_ws/install/bumperbot_py_examples/lib/python3.10/site-packages/bumperbot_py_examples-0.0.0-py3.10.egg-info
[1.293s] running install_scripts
[1.434s] Installing simple_parameter script to /home/aakash/bumperbot_ws/install/bumperbot_py_examples/lib/bumperbot_py_examples
[1.434s] Installing simple_publisher script to /home/aakash/bumperbot_ws/install/bumperbot_py_examples/lib/bumperbot_py_examples
[1.434s] Installing simple_subscriber script to /home/aakash/bumperbot_ws/install/bumperbot_py_examples/lib/bumperbot_py_examples
[1.434s] writing list of installed files to '/home/aakash/bumperbot_ws/build/bumperbot_py_examples/install.log'
[1.480s] Invoked command in '/home/aakash/bumperbot_ws/src/bumperbot_py_examples' returned '0': PYTHONPATH=/home/aakash/bumperbot_ws/build/bumperbot_py_examples/prefix_override:/usr/lib/python3/dist-packages/colcon_core/task/python/colcon_distutils_commands:/home/aakash/bumperbot_ws/install/bumperbot_py_examples/lib/python3.10/site-packages:${PYTHONPATH} /usr/bin/python3 -W ignore:setup.py install is deprecated -W ignore:easy_install command is deprecated setup.py egg_info --egg-base ../../build/bumperbot_py_examples build --build-base /home/aakash/bumperbot_ws/build/bumperbot_py_examples/build install --record /home/aakash/bumperbot_ws/build/bumperbot_py_examples/install.log --single-version-externally-managed install_data
