[2.436s] Invoking command in '/home/aakash/bumperbot_ws/src/bumperbot_py_examples': PYTHONPATH=/home/aakash/bumperbot_ws/build/bumperbot_py_examples/prefix_override:/usr/lib/python3/dist-packages/colcon_core/task/python/colcon_distutils_commands:/home/aakash/bumperbot_ws/install/bumperbot_py_examples/lib/python3.10/site-packages:${PYTHONPATH} /usr/bin/python3 -W ignore:setup.py install is deprecated -W ignore:easy_install command is deprecated setup.py egg_info --egg-base ../../build/bumperbot_py_examples build --build-base /home/aakash/bumperbot_ws/build/bumperbot_py_examples/build install --record /home/aakash/bumperbot_ws/build/bumperbot_py_examples/install.log --single-version-externally-managed install_data
[2.630s] /home/aakash/.local/lib/python3.10/site-packages/setuptools/_distutils/dist.py:270: UserWarning: Unknown distribution option: 'tests_require'
[2.631s]   warnings.warn(msg)
[2.735s] running egg_info
[2.752s] writing ../../build/bumperbot_py_examples/bumperbot_py_examples.egg-info/PKG-INFO
[2.759s] writing dependency_links to ../../build/bumperbot_py_examples/bumperbot_py_examples.egg-info/dependency_links.txt
[2.760s] writing entry points to ../../build/bumperbot_py_examples/bumperbot_py_examples.egg-info/entry_points.txt
[2.761s] writing requirements to ../../build/bumperbot_py_examples/bumperbot_py_examples.egg-info/requires.txt
[2.762s] writing top-level names to ../../build/bumperbot_py_examples/bumperbot_py_examples.egg-info/top_level.txt
[2.799s] reading manifest file '../../build/bumperbot_py_examples/bumperbot_py_examples.egg-info/SOURCES.txt'
[2.801s] writing manifest file '../../build/bumperbot_py_examples/bumperbot_py_examples.egg-info/SOURCES.txt'
[2.801s] running build
[2.801s] running build_py
[2.801s] copying bumperbot_py_examples/__init__.py -> /home/aakash/bumperbot_ws/build/bumperbot_py_examples/build/lib/bumperbot_py_examples
[2.801s] copying bumperbot_py_examples/simple_publisher.py -> /home/aakash/bumperbot_ws/build/bumperbot_py_examples/build/lib/bumperbot_py_examples
[2.802s] copying bumperbot_py_examples/simple_subscriber.py -> /home/aakash/bumperbot_ws/build/bumperbot_py_examples/build/lib/bumperbot_py_examples
[2.802s] copying bumperbot_py_examples/simple_turtlesim_kinematics.py -> /home/aakash/bumperbot_ws/build/bumperbot_py_examples/build/lib/bumperbot_py_examples
[2.802s] copying bumperbot_py_examples/simple_parameter.py -> /home/aakash/bumperbot_ws/build/bumperbot_py_examples/build/lib/bumperbot_py_examples
[2.802s] running install
[2.807s] running install_lib
[2.824s] copying /home/aakash/bumperbot_ws/build/bumperbot_py_examples/build/lib/bumperbot_py_examples/simple_turtlesim_kinematics.py -> /home/aakash/bumperbot_ws/install/bumperbot_py_examples/lib/python3.10/site-packages/bumperbot_py_examples
[2.825s] byte-compiling /home/aakash/bumperbot_ws/install/bumperbot_py_examples/lib/python3.10/site-packages/bumperbot_py_examples/simple_turtlesim_kinematics.py to simple_turtlesim_kinematics.cpython-310.pyc
[2.826s] running install_data
[2.826s] copying resource/bumperbot_py_examples -> /home/aakash/bumperbot_ws/install/bumperbot_py_examples/share/ament_index/resource_index/packages
[2.826s] copying package.xml -> /home/aakash/bumperbot_ws/install/bumperbot_py_examples/share/bumperbot_py_examples
[2.826s] running install_egg_info
[2.845s] removing '/home/aakash/bumperbot_ws/install/bumperbot_py_examples/lib/python3.10/site-packages/bumperbot_py_examples-0.0.0-py3.10.egg-info' (and everything under it)
[2.845s] Copying ../../build/bumperbot_py_examples/bumperbot_py_examples.egg-info to /home/aakash/bumperbot_ws/install/bumperbot_py_examples/lib/python3.10/site-packages/bumperbot_py_examples-0.0.0-py3.10.egg-info
[2.846s] running install_scripts
[2.993s] Installing simple_parameter script to /home/aakash/bumperbot_ws/install/bumperbot_py_examples/lib/bumperbot_py_examples
[2.993s] Installing simple_publisher script to /home/aakash/bumperbot_ws/install/bumperbot_py_examples/lib/bumperbot_py_examples
[2.993s] Installing simple_subscriber script to /home/aakash/bumperbot_ws/install/bumperbot_py_examples/lib/bumperbot_py_examples
[2.993s] writing list of installed files to '/home/aakash/bumperbot_ws/build/bumperbot_py_examples/install.log'
[3.043s] Invoked command in '/home/aakash/bumperbot_ws/src/bumperbot_py_examples' returned '0': PYTHONPATH=/home/aakash/bumperbot_ws/build/bumperbot_py_examples/prefix_override:/usr/lib/python3/dist-packages/colcon_core/task/python/colcon_distutils_commands:/home/aakash/bumperbot_ws/install/bumperbot_py_examples/lib/python3.10/site-packages:${PYTHONPATH} /usr/bin/python3 -W ignore:setup.py install is deprecated -W ignore:easy_install command is deprecated setup.py egg_info --egg-base ../../build/bumperbot_py_examples build --build-base /home/aakash/bumperbot_ws/build/bumperbot_py_examples/build install --record /home/aakash/bumperbot_ws/build/bumperbot_py_examples/install.log --single-version-externally-managed install_data
