[20.109s] Invoking command in '/home/aakash/bumperbot_ws/src/bumperbot_py_examples': PYTHONPATH=/home/aakash/bumperbot_ws/build/bumperbot_py_examples/prefix_override:/usr/lib/python3/dist-packages/colcon_core/task/python/colcon_distutils_commands:/home/aakash/bumperbot_ws/install/bumperbot_py_examples/lib/python3.10/site-packages:${PYTHONPATH} /usr/bin/python3 -W ignore:setup.py install is deprecated -W ignore:easy_install command is deprecated setup.py egg_info --egg-base ../../build/bumperbot_py_examples build --build-base /home/aakash/bumperbot_ws/build/bumperbot_py_examples/build install --record /home/aakash/bumperbot_ws/build/bumperbot_py_examples/install.log --single-version-externally-managed install_data
[20.341s] /home/aakash/.local/lib/python3.10/site-packages/setuptools/_distutils/dist.py:270: UserWarning: Unknown distribution option: 'tests_require'
[20.341s]   warnings.warn(msg)
[20.456s] running egg_info
[20.474s] writing ../../build/bumperbot_py_examples/bumperbot_py_examples.egg-info/PKG-INFO
[20.493s] writing dependency_links to ../../build/bumperbot_py_examples/bumperbot_py_examples.egg-info/dependency_links.txt
[20.494s] writing entry points to ../../build/bumperbot_py_examples/bumperbot_py_examples.egg-info/entry_points.txt
[20.494s] writing requirements to ../../build/bumperbot_py_examples/bumperbot_py_examples.egg-info/requires.txt
[20.494s] writing top-level names to ../../build/bumperbot_py_examples/bumperbot_py_examples.egg-info/top_level.txt
[20.531s] reading manifest file '../../build/bumperbot_py_examples/bumperbot_py_examples.egg-info/SOURCES.txt'
[20.540s] writing manifest file '../../build/bumperbot_py_examples/bumperbot_py_examples.egg-info/SOURCES.txt'
[20.540s] running build
[20.540s] running build_py
[20.541s] copying bumperbot_py_examples/__init__.py -> /home/aakash/bumperbot_ws/build/bumperbot_py_examples/build/lib/bumperbot_py_examples
[20.541s] copying bumperbot_py_examples/simple_publisher.py -> /home/aakash/bumperbot_ws/build/bumperbot_py_examples/build/lib/bumperbot_py_examples
[20.557s] copying bumperbot_py_examples/simple_parameter.py -> /home/aakash/bumperbot_ws/build/bumperbot_py_examples/build/lib/bumperbot_py_examples
[20.609s] running install
[20.616s] running install_lib
[20.639s] running install_data
[20.639s] copying resource/bumperbot_py_examples -> /home/aakash/bumperbot_ws/install/bumperbot_py_examples/share/ament_index/resource_index/packages
[20.648s] copying package.xml -> /home/aakash/bumperbot_ws/install/bumperbot_py_examples/share/bumperbot_py_examples
[20.663s] running install_egg_info
[20.688s] removing '/home/aakash/bumperbot_ws/install/bumperbot_py_examples/lib/python3.10/site-packages/bumperbot_py_examples-0.0.0-py3.10.egg-info' (and everything under it)
[20.704s] Copying ../../build/bumperbot_py_examples/bumperbot_py_examples.egg-info to /home/aakash/bumperbot_ws/install/bumperbot_py_examples/lib/python3.10/site-packages/bumperbot_py_examples-0.0.0-py3.10.egg-info
[20.724s] running install_scripts
[20.930s] Installing simple_parameter script to /home/aakash/bumperbot_ws/install/bumperbot_py_examples/lib/bumperbot_py_examples
[20.931s] Installing simple_publisher script to /home/aakash/bumperbot_ws/install/bumperbot_py_examples/lib/bumperbot_py_examples
[20.931s] writing list of installed files to '/home/aakash/bumperbot_ws/build/bumperbot_py_examples/install.log'
[21.041s] Invoked command in '/home/aakash/bumperbot_ws/src/bumperbot_py_examples' returned '0': PYTHONPATH=/home/aakash/bumperbot_ws/build/bumperbot_py_examples/prefix_override:/usr/lib/python3/dist-packages/colcon_core/task/python/colcon_distutils_commands:/home/aakash/bumperbot_ws/install/bumperbot_py_examples/lib/python3.10/site-packages:${PYTHONPATH} /usr/bin/python3 -W ignore:setup.py install is deprecated -W ignore:easy_install command is deprecated setup.py egg_info --egg-base ../../build/bumperbot_py_examples build --build-base /home/aakash/bumperbot_ws/build/bumperbot_py_examples/build install --record /home/aakash/bumperbot_ws/build/bumperbot_py_examples/install.log --single-version-externally-managed install_data
