-- Found ament_cmake: 1.3.11 (/opt/ros/humble/share/ament_cmake/cmake)
-- Override CMake install command with custom implementation using symlinks instead of copying resources
-- Found ament_lint_auto: 0.12.12 (/opt/ros/humble/share/ament_lint_auto/cmake)
-- Added test 'flake8' to check Python code syntax and style conventions
-- Added test 'lint_cmake' to check CMake code style
-- Added test 'pep257' to check Python code against some of the docstring style conventions in PEP 257
-- Added test 'xmllint' to check XML markup files
-- Configuring done
-- Generating done
-- Build files have been written to: /home/aakash/bumperbot_ws/build/bumperbot_controller
-- Install configuration: ""
-- Execute custom install script
-- Symlinking: /home/aakash/bumperbot_ws/install/bumperbot_controller/share/bumperbot_controller/config/bumperbot_controllers.yaml
-- Symlinking: /home/aakash/bumperbot_ws/install/bumperbot_controller/share/ament_index/resource_index/package_run_dependencies/bumperbot_controller
-- Symlinking: /home/aakash/bumperbot_ws/install/bumperbot_controller/share/ament_index/resource_index/parent_prefix_path/bumperbot_controller
-- Symlinking: /home/aakash/bumperbot_ws/install/bumperbot_controller/share/bumperbot_controller/environment/ament_prefix_path.sh
-- Symlinking: /home/aakash/bumperbot_ws/install/bumperbot_controller/share/bumperbot_controller/environment/ament_prefix_path.dsv
-- Symlinking: /home/aakash/bumperbot_ws/install/bumperbot_controller/share/bumperbot_controller/environment/path.sh
-- Symlinking: /home/aakash/bumperbot_ws/install/bumperbot_controller/share/bumperbot_controller/environment/path.dsv
-- Symlinking: /home/aakash/bumperbot_ws/install/bumperbot_controller/share/bumperbot_controller/local_setup.bash
-- Symlinking: /home/aakash/bumperbot_ws/install/bumperbot_controller/share/bumperbot_controller/local_setup.sh
-- Symlinking: /home/aakash/bumperbot_ws/install/bumperbot_controller/share/bumperbot_controller/local_setup.zsh
-- Symlinking: /home/aakash/bumperbot_ws/install/bumperbot_controller/share/bumperbot_controller/local_setup.dsv
-- Symlinking: /home/aakash/bumperbot_ws/install/bumperbot_controller/share/bumperbot_controller/package.dsv
-- Symlinking: /home/aakash/bumperbot_ws/install/bumperbot_controller/share/ament_index/resource_index/packages/bumperbot_controller
-- Symlinking: /home/aakash/bumperbot_ws/install/bumperbot_controller/share/bumperbot_controller/cmake/bumperbot_controllerConfig.cmake
-- Symlinking: /home/aakash/bumperbot_ws/install/bumperbot_controller/share/bumperbot_controller/cmake/bumperbot_controllerConfig-version.cmake
-- Symlinking: /home/aakash/bumperbot_ws/install/bumperbot_controller/share/bumperbot_controller/package.xml
