[0.817s] Invoking command in '/home/aakash/bumperbot_ws/build/bumperbot_py_examples': PYTHONPATH=/home/aakash/bumperbot_ws/build/bumperbot_py_examples/prefix_override:/usr/lib/python3/dist-packages/colcon_core/task/python/colcon_distutils_commands:/home/aakash/bumperbot_ws/install/bumperbot_py_examples/lib/python3.10/site-packages:${PYTHONPATH} /usr/bin/python3 -W ignore:setup.py install is deprecated -W ignore:easy_install command is deprecated setup.py develop --editable --build-directory /home/aakash/bumperbot_ws/build/bumperbot_py_examples/build --no-deps symlink_data --force
[0.990s] /home/aakash/.local/lib/python3.10/site-packages/setuptools/_distutils/dist.py:270: UserWarning: Unknown distribution option: 'tests_require'
[0.990s]   warnings.warn(msg)
[1.172s] running develop
[1.499s] running egg_info
[1.516s] writing bumperbot_py_examples.egg-info/PKG-INFO
[1.516s] writing dependency_links to bumperbot_py_examples.egg-info/dependency_links.txt
[1.517s] writing entry points to bumperbot_py_examples.egg-info/entry_points.txt
[1.517s] writing requirements to bumperbot_py_examples.egg-info/requires.txt
[1.517s] writing top-level names to bumperbot_py_examples.egg-info/top_level.txt
[1.550s] reading manifest file 'bumperbot_py_examples.egg-info/SOURCES.txt'
[1.551s] writing manifest file 'bumperbot_py_examples.egg-info/SOURCES.txt'
[1.568s] running build_ext
[1.568s] Creating /home/aakash/bumperbot_ws/install/bumperbot_py_examples/lib/python3.10/site-packages/bumperbot-py-examples.egg-link (link to .)
[1.569s] Installing simple_parameter script to /home/aakash/bumperbot_ws/install/bumperbot_py_examples/lib/bumperbot_py_examples
[1.569s] Installing simple_publisher script to /home/aakash/bumperbot_ws/install/bumperbot_py_examples/lib/bumperbot_py_examples
[1.569s] Installing simple_subscriber script to /home/aakash/bumperbot_ws/install/bumperbot_py_examples/lib/bumperbot_py_examples
[1.569s] 
[1.570s] Installed /home/aakash/bumperbot_ws/build/bumperbot_py_examples
[1.570s] running symlink_data
[1.570s] symbolically linking /home/aakash/bumperbot_ws/build/bumperbot_py_examples/resource/bumperbot_py_examples -> /home/aakash/bumperbot_ws/install/bumperbot_py_examples/share/ament_index/resource_index/packages
[1.570s] symbolically linking /home/aakash/bumperbot_ws/build/bumperbot_py_examples/package.xml -> /home/aakash/bumperbot_ws/install/bumperbot_py_examples/share/bumperbot_py_examples
[1.619s] Invoked command in '/home/aakash/bumperbot_ws/build/bumperbot_py_examples' returned '0': PYTHONPATH=/home/aakash/bumperbot_ws/build/bumperbot_py_examples/prefix_override:/usr/lib/python3/dist-packages/colcon_core/task/python/colcon_distutils_commands:/home/aakash/bumperbot_ws/install/bumperbot_py_examples/lib/python3.10/site-packages:${PYTHONPATH} /usr/bin/python3 -W ignore:setup.py install is deprecated -W ignore:easy_install command is deprecated setup.py develop --editable --build-directory /home/aakash/bumperbot_ws/build/bumperbot_py_examples/build --no-deps symlink_data --force
